2015-04-02 00:35:52,502 [http-bio-8080-exec-8] ERROR StackTrace  - Full Stack Trace:
java.lang.NullPointerException
	at org.springsource.loaded.NameRegistry.getIdFor(NameRegistry.java:56)
	at org.springsource.loaded.NameRegistry.getIdOrAllocateFor(NameRegistry.java:71)
	at org.springsource.loaded.TypeRegistry.getTypeIdFor(TypeRegistry.java:772)
	at org.springsource.loaded.MethodInvokerRewriter$RewriteClassAdaptor$RewritingMethodAdapter.rewritePUTSTATIC(MethodInvokerRewriter.java:869)
	at org.springsource.loaded.MethodInvokerRewriter$RewriteClassAdaptor$RewritingMethodAdapter.visitFieldInsn(MethodInvokerRewriter.java:788)
	at sl.org.objectweb.asm.ClassReader.accept(Unknown Source)
	at sl.org.objectweb.asm.ClassReader.accept(Unknown Source)
	at org.springsource.loaded.MethodInvokerRewriter.rewrite(MethodInvokerRewriter.java:330)
	at org.springsource.loaded.MethodInvokerRewriter.rewrite(MethodInvokerRewriter.java:96)
	at org.springsource.loaded.TypeRegistry.methodCallRewrite(TypeRegistry.java:783)
	at org.springsource.loaded.agent.ModifyDefineInClassLoaderForClassArtifactsType.modify(ModifyDefineInClassLoaderForClassArtifactsType.java:89)
	at org.codehaus.groovy.reflection.ClassLoaderForClassArtifacts.define(ClassLoaderForClassArtifacts.java)
	at org.codehaus.groovy.reflection.ClassLoaderForClassArtifacts$1.run(ClassLoaderForClassArtifacts.java:86)
	at org.codehaus.groovy.reflection.ClassLoaderForClassArtifacts$1.run(ClassLoaderForClassArtifacts.java:84)
	at java.security.AccessController.doPrivileged(Native Method)
	at org.codehaus.groovy.reflection.ClassLoaderForClassArtifacts.defineClassAndGetConstructor(ClassLoaderForClassArtifacts.java:84)
	at org.codehaus.groovy.runtime.callsite.CallSiteGenerator.compilePogoMethod(CallSiteGenerator.java:217)
	at org.codehaus.groovy.reflection.CachedMethod.createPogoMetaMethodSite(CachedMethod.java:228)
	at org.codehaus.groovy.runtime.callsite.PogoMetaMethodSite.createCachedMethodSite(PogoMetaMethodSite.java:212)
	at org.codehaus.groovy.runtime.callsite.PogoMetaMethodSite.createPogoMetaMethodSite(PogoMetaMethodSite.java:188)
	at groovy.lang.MetaClassImpl.createPogoCallCurrentSite(MetaClassImpl.java:3057)
	at org.codehaus.groovy.runtime.callsite.CallSiteArray.createCallCurrentSite(CallSiteArray.java:108)
	at org.codehaus.groovy.runtime.callsite.CallSiteArray.defaultCallCurrent(CallSiteArray.java:49)
	at org.codehaus.groovy.runtime.callsite.AbstractCallSite.callCurrent(AbstractCallSite.java:133)
	at org.codehaus.groovy.runtime.callsite.AbstractCallSite.callCurrent(AbstractCallSite.java:145)
	at org.grails.plugin.resource.ResourceProcessor.processModernResource(ResourceProcessor.groovy:266)
	at org.grails.plugin.resource.ResourceProcessor$processModernResource$0.call(Unknown Source)
	at org.codehaus.groovy.runtime.callsite.CallSiteArray.defaultCall(CallSiteArray.java:45)
	at org.codehaus.groovy.runtime.callsite.AbstractCallSite.call(AbstractCallSite.java:108)
	at org.codehaus.groovy.runtime.callsite.AbstractCallSite.call(AbstractCallSite.java:120)
	at org.grails.plugin.resource.ProcessingFilter.doFilter(ProcessingFilter.groovy:39)
	at org.apache.catalina.core.ApplicationFilterChain.internalDoFilter(ApplicationFilterChain.java:243)
	at org.apache.catalina.core.ApplicationFilterChain.doFilter(ApplicationFilterChain.java:210)
	at org.springframework.web.filter.CharacterEncodingFilter.doFilterInternal(CharacterEncodingFilter.java:88)
	at org.springframework.web.filter.OncePerRequestFilter.doFilter(OncePerRequestFilter.java:76)
	at org.springframework.web.filter.DelegatingFilterProxy.invokeDelegate(DelegatingFilterProxy.java:346)
	at org.springframework.web.filter.DelegatingFilterProxy.doFilter(DelegatingFilterProxy.java:259)
	at org.apache.catalina.core.ApplicationFilterChain.internalDoFilter(ApplicationFilterChain.java:243)
	at org.apache.catalina.core.ApplicationFilterChain.doFilter(ApplicationFilterChain.java:210)
	at org.apache.catalina.core.StandardWrapperValve.invoke(StandardWrapperValve.java:222)
	at org.apache.catalina.core.StandardContextValve.invoke(StandardContextValve.java:123)
	at org.apache.catalina.core.StandardHostValve.invoke(StandardHostValve.java:171)
	at org.apache.catalina.valves.ErrorReportValve.invoke(ErrorReportValve.java:99)
	at org.apache.catalina.core.StandardEngineValve.invoke(StandardEngineValve.java:118)
	at org.apache.catalina.connector.CoyoteAdapter.service(CoyoteAdapter.java:408)
	at org.apache.coyote.http11.AbstractHttp11Processor.process(AbstractHttp11Processor.java:1023)
	at org.apache.coyote.AbstractProtocol$AbstractConnectionHandler.process(AbstractProtocol.java:589)
	at org.apache.tomcat.util.net.JIoEndpoint$SocketProcessor.run(JIoEndpoint.java:310)
	at java.util.concurrent.ThreadPoolExecutor.runWorker(ThreadPoolExecutor.java:1145)
	at java.util.concurrent.ThreadPoolExecutor$Worker.run(ThreadPoolExecutor.java:615)
	at java.lang.Thread.run(Thread.java:745)
2015-04-02 00:35:52,769 [http-bio-8080-exec-8] ERROR StackTrace  - Full Stack Trace:
java.lang.NullPointerException
	at org.grails.plugin.resource.ResourceProcessor.processModernResource(ResourceProcessor.groovy:266)
	at org.grails.plugin.resource.ProcessingFilter.doFilter(ProcessingFilter.groovy:39)
	at java.util.concurrent.ThreadPoolExecutor.runWorker(ThreadPoolExecutor.java:1145)
	at java.util.concurrent.ThreadPoolExecutor$Worker.run(ThreadPoolExecutor.java:615)
	at java.lang.Thread.run(Thread.java:745)
2015-04-02 00:35:52,951 [http-bio-8080-exec-8] ERROR StackTrace  - Full Stack Trace:
java.lang.NullPointerException
	at org.grails.plugin.resource.ResourceProcessor.processModernResource(ResourceProcessor.groovy:266)
	at org.grails.plugin.resource.ProcessingFilter.doFilter(ProcessingFilter.groovy:39)
	at java.util.concurrent.ThreadPoolExecutor.runWorker(ThreadPoolExecutor.java:1145)
	at java.util.concurrent.ThreadPoolExecutor$Worker.run(ThreadPoolExecutor.java:615)
	at java.lang.Thread.run(Thread.java:745)
2015-04-02 00:35:52,952 [http-bio-8080-exec-8] ERROR StackTrace  - Full Stack Trace:
java.lang.NullPointerException
	at org.grails.plugin.resource.ResourceProcessor.processModernResource(ResourceProcessor.groovy:266)
	at org.grails.plugin.resource.ProcessingFilter.doFilter(ProcessingFilter.groovy:39)
	at java.util.concurrent.ThreadPoolExecutor.runWorker(ThreadPoolExecutor.java:1145)
	at java.util.concurrent.ThreadPoolExecutor$Worker.run(ThreadPoolExecutor.java:615)
	at java.lang.Thread.run(Thread.java:745)
2015-04-02 13:31:58,359 [Thread-8] ERROR StackTrace  - Full Stack Trace:
java.sql.SQLException: Already closed.
	at org.apache.commons.dbcp.PoolableConnection.close(PoolableConnection.java:114)
	at org.apache.commons.dbcp.PoolingDataSource$PoolGuardConnectionWrapper.close(PoolingDataSource.java:191)
	at org.springframework.jdbc.datasource.DataSourceUtils.doReleaseConnection(DataSourceUtils.java:333)
	at org.springframework.jdbc.datasource.TransactionAwareDataSourceProxy$TransactionAwareInvocationHandler.invoke(TransactionAwareDataSourceProxy.java:211)
	at com.sun.proxy.$Proxy27.close(Unknown Source)
	at org.springframework.orm.hibernate3.LocalDataSourceConnectionProvider.closeConnection(LocalDataSourceConnectionProvider.java:95)
	at org.hibernate.tool.hbm2ddl.SuppliedConnectionProviderConnectionHelper.release(SuppliedConnectionProviderConnectionHelper.java:75)
	at org.hibernate.tool.hbm2ddl.SchemaExport.execute(SchemaExport.java:297)
	at org.hibernate.tool.hbm2ddl.SchemaExport.drop(SchemaExport.java:229)
	at org.hibernate.impl.SessionFactoryImpl.close(SessionFactoryImpl.java:961)
	at org.codehaus.groovy.grails.orm.hibernate.SessionFactoryProxy.close(SessionFactoryProxy.java:180)
	at org.springframework.orm.hibernate3.AbstractSessionFactoryBean.destroy(AbstractSessionFactoryBean.java:228)
	at org.springframework.orm.hibernate3.LocalSessionFactoryBean.destroy(LocalSessionFactoryBean.java:899)
	at org.codehaus.groovy.grails.orm.hibernate.ConfigurableLocalSessionFactoryBean.destroy(ConfigurableLocalSessionFactoryBean.java:245)
	at org.springframework.beans.factory.support.DisposableBeanAdapter.destroy(DisposableBeanAdapter.java:211)
	at org.springframework.beans.factory.support.DefaultSingletonBeanRegistry.destroyBean(DefaultSingletonBeanRegistry.java:500)
	at org.springframework.beans.factory.support.DefaultSingletonBeanRegistry.destroySingleton(DefaultSingletonBeanRegistry.java:476)
	at org.springframework.beans.factory.support.DefaultSingletonBeanRegistry.destroySingletons(DefaultSingletonBeanRegistry.java:445)
	at org.springframework.context.support.AbstractApplicationContext.destroyBeans(AbstractApplicationContext.java:1078)
	at org.springframework.context.support.AbstractApplicationContext.doClose(AbstractApplicationContext.java:1052)
	at org.springframework.context.support.AbstractApplicationContext.close(AbstractApplicationContext.java:1000)
	at org.springframework.context.ConfigurableApplicationContext$close.call(Unknown Source)
	at org.codehaus.groovy.runtime.callsite.CallSiteArray.defaultCall(CallSiteArray.java:45)
	at org.codehaus.groovy.runtime.callsite.AbstractCallSite.call(AbstractCallSite.java:108)
	at org.codehaus.groovy.runtime.callsite.AbstractCallSite.call(AbstractCallSite.java:112)
	at org.codehaus.groovy.grails.support.DevelopmentShutdownHook$_setApplicationContext_closure1.doCall(DevelopmentShutdownHook.groovy:38)
	at org.codehaus.groovy.grails.support.DevelopmentShutdownHook$_setApplicationContext_closure1.doCall(DevelopmentShutdownHook.groovy)
	at sun.reflect.NativeMethodAccessorImpl.invoke0(Native Method)
	at sun.reflect.NativeMethodAccessorImpl.invoke(NativeMethodAccessorImpl.java:57)
	at sun.reflect.DelegatingMethodAccessorImpl.invoke(DelegatingMethodAccessorImpl.java:43)
	at java.lang.reflect.Method.invoke(Method.java:606)
	at org.springsource.loaded.ri.ReflectiveInterceptor.jlrMethodInvoke(ReflectiveInterceptor.java:1259)
	at org.codehaus.groovy.reflection.CachedMethod.invoke(CachedMethod.java:90)
	at groovy.lang.MetaMethod.doMethodInvoke(MetaMethod.java:233)
	at groovy.lang.MetaClassImpl.invokeMethod(MetaClassImpl.java:1082)
	at groovy.lang.ExpandoMetaClass.invokeMethod(ExpandoMetaClass.java:1106)
	at groovy.lang.MetaClassImpl.invokeMethod(MetaClassImpl.java:906)
	at groovy.lang.Closure.call(Closure.java:412)
	at groovy.lang.Closure.call(Closure.java:406)
	at groovy.lang.Closure.run(Closure.java:490)
	at java.lang.Thread.run(Thread.java:745)
2015-04-02 13:31:58,361 [Thread-8] ERROR StackTrace  - Full Stack Trace:
java.sql.SQLException: Already closed.
	at org.apache.commons.dbcp.PoolableConnection.close(PoolableConnection.java:114)
	at org.apache.commons.dbcp.PoolingDataSource$PoolGuardConnectionWrapper.close(PoolingDataSource.java:191)
	at java.lang.Thread.run(Thread.java:745)
2015-04-02 13:31:58,361 [Thread-8] ERROR StackTrace  - Full Stack Trace:
java.sql.SQLException: Already closed.
	at org.apache.commons.dbcp.PoolableConnection.close(PoolableConnection.java:114)
	at org.apache.commons.dbcp.PoolingDataSource$PoolGuardConnectionWrapper.close(PoolingDataSource.java:191)
	at java.lang.Thread.run(Thread.java:745)
2015-04-02 13:31:58,361 [Thread-8] ERROR StackTrace  - Full Stack Trace:
java.sql.SQLException: Already closed.
	at org.apache.commons.dbcp.PoolableConnection.close(PoolableConnection.java:114)
	at org.apache.commons.dbcp.PoolingDataSource$PoolGuardConnectionWrapper.close(PoolingDataSource.java:191)
	at java.lang.Thread.run(Thread.java:745)
